<?xml version="1.0" encoding="UTF-8"?>
<!-- Generated by org.testng.reporters.JUnitReportReporter -->
<testsuite hostname="LL15-I56-IND" failures="0" tests="2" name="com.demoblaze.qa.tests.Test_Login1" time="10.142" errors="0" timestamp="08 Jan 2022 12:51:10 GMT" skipped="0">
  <testcase classname="com.demoblaze.qa.tests.Test_Login1" name="homePageTitle" time="6.093"/>
  <testcase classname="com.demoblaze.qa.tests.Test_Login1" name="loginTest" time="4.049"/>
</testsuite> <!-- com.demoblaze.qa.tests.Test_Login1 -->
