<?xml version="1.0" encoding="UTF-8"?>
<!-- Generated by org.testng.reporters.JUnitReportReporter -->
<testsuite hostname="LL15-I56-IND" failures="0" tests="2" name="com.demoblaze.qa.tests.Test_Login3" time="6.978" errors="0" timestamp="08 Jan 2022 12:51:10 GMT" skipped="0">
  <testcase classname="com.demoblaze.qa.tests.Test_Login3" name="homePageTitle" time="3.594"/>
  <testcase classname="com.demoblaze.qa.tests.Test_Login3" name="loginTest" time="3.384"/>
</testsuite> <!-- com.demoblaze.qa.tests.Test_Login3 -->
