<?xml version="1.0" encoding="UTF-8"?>
<!-- Generated by org.testng.reporters.JUnitReportReporter -->
<testsuite hostname="LL15-I56-IND" failures="0" tests="2" name="com.amazon.qa.tests.LoginTest" time="19.080" errors="0" timestamp="08 Jan 2022 20:02:01 GMT" skipped="0">
  <testcase classname="com.amazon.qa.tests.LoginTest" name="homePageTitle" time="6.219"/>
  <testcase classname="com.amazon.qa.tests.LoginTest" name="loginTest" time="12.861"/>
</testsuite> <!-- com.amazon.qa.tests.LoginTest -->
